<?xml version="1.0" encoding="UTF-8"?>
<!-- Generated by org.testng.reporters.JUnitReportReporter -->
<testsuite hostname="DESKTOP-M3B437L" failures="0" tests="1" name="Prasad.AppiumAutomationTesting.ScrollGesture" time="12.818" errors="0" timestamp="2024-06-09T13:35:13 IST" skipped="0">
  <testcase classname="Prasad.AppiumAutomationTesting.ScrollGesture" name="scrollAction" time="12.818"/>
</testsuite> <!-- Prasad.AppiumAutomationTesting.ScrollGesture -->
