<?xml version="1.0" encoding="UTF-8"?>
<!-- Generated by org.testng.reporters.JUnitReportReporter -->
<testsuite hostname="DESKTOP-M3B437L" failures="0" tests="1" name="Prasad.AppiumAutomationTesting.AppiumBasics" time="21.858" errors="0" timestamp="2024-05-29T22:01:03 IST" skipped="0">
  <testcase classname="Prasad.AppiumAutomationTesting.AppiumBasics" name="AppiumTest1" time="21.858"/>
</testsuite> <!-- Prasad.AppiumAutomationTesting.AppiumBasics -->
