<?xml version="1.0" encoding="UTF-8"?>
<!-- Generated by org.testng.reporters.JUnitReportReporter -->
<testsuite hostname="DESKTOP-M3B437L" failures="0" tests="1" name="Prasad.AppiumAutomationTesting.LongPress" time="11.281" errors="0" timestamp="2024-06-09T13:04:31 IST" skipped="0">
  <testcase classname="Prasad.AppiumAutomationTesting.LongPress" name="longPressAction" time="11.281"/>
</testsuite> <!-- Prasad.AppiumAutomationTesting.LongPress -->
