<?xml version="1.0" encoding="UTF-8"?>
<!-- Generated by org.testng.reporters.JUnitReportReporter -->
<testsuite hostname="DESKTOP-M3B437L" failures="0" tests="1" name="Prasad.AppiumAutomationTesting.MiscellaneousActionExercise" time="30.822" errors="0" timestamp="2024-06-11T19:58:03 IST" skipped="0">
  <testcase classname="Prasad.AppiumAutomationTesting.MiscellaneousActionExercise" name="keyEventsDemo" time="30.822"/>
</testsuite> <!-- Prasad.AppiumAutomationTesting.MiscellaneousActionExercise -->
