<?xml version="1.0" encoding="UTF-8"?>
<!-- Generated by org.testng.reporters.JUnitReportReporter -->
<testsuite hostname="DESKTOP-M3B437L" failures="0" tests="1" name="Prasad.AppiumAutomationTesting.EcommerceTestCase2" time="34.395" errors="0" timestamp="2024-06-12T20:22:37 IST" skipped="0">
  <testcase classname="Prasad.AppiumAutomationTesting.EcommerceTestCase2" name="handleToastMessages" time="34.395"/>
</testsuite> <!-- Prasad.AppiumAutomationTesting.EcommerceTestCase2 -->
