<?xml version="1.0" encoding="UTF-8"?>
<!-- Generated by org.testng.reporters.JUnitReportReporter -->
<testsuite hostname="DESKTOP-M3B437L" failures="0" tests="1" name="Prasad.AppiumAutomationTesting.EcommerceTestCase1" time="35.721" errors="0" timestamp="2024-06-12T20:13:57 IST" skipped="0">
  <testcase classname="Prasad.AppiumAutomationTesting.EcommerceTestCase1" name="fillDetailForm" time="35.721"/>
</testsuite> <!-- Prasad.AppiumAutomationTesting.EcommerceTestCase1 -->
