<?xml version="1.0" encoding="UTF-8"?>
<!-- Generated by org.testng.reporters.JUnitReportReporter -->
<testsuite hostname="DESKTOP-M3B437L" failures="0" tests="4" name="Prasad.AppiumAutomationTesting.MiscellaneousActionExercise" time="105.821" errors="0" timestamp="2024-06-10T20:08:22 IST" skipped="0">
  <testcase classname="Prasad.AppiumAutomationTesting.MiscellaneousActionExercise" name="Demo1" time="15.210"/>
  <testcase classname="Prasad.AppiumAutomationTesting.MiscellaneousActionExercise" name="selectRadioButtonDemo" time="31.142"/>
  <testcase classname="Prasad.AppiumAutomationTesting.MiscellaneousActionExercise" name="selectDialogBoxDemo" time="29.867"/>
  <testcase classname="Prasad.AppiumAutomationTesting.MiscellaneousActionExercise" name="selectListDemo" time="29.602"/>
</testsuite> <!-- Prasad.AppiumAutomationTesting.MiscellaneousActionExercise -->
