<?xml version="1.0" encoding="UTF-8"?>
<!-- Generated by org.testng.reporters.JUnitReportReporter -->
<testsuite hostname="DESKTOP-M3B437L" failures="0" tests="1" name="Prasad.AppiumAutomationTesting.LongPress" time="12.556" errors="0" timestamp="2024-06-09T12:51:23 IST" skipped="0">
  <testcase classname="Prasad.AppiumAutomationTesting.LongPress" name="longPressAction" time="12.556"/>
</testsuite> <!-- Prasad.AppiumAutomationTesting.LongPress -->
