<?xml version="1.0" encoding="UTF-8"?>
<!-- Generated by org.testng.reporters.JUnitReportReporter -->
<testsuite hostname="DESKTOP-M3B437L" failures="0" tests="1" name="Prasad.AppiumAutomationTesting.SwipeGesture" time="9.277" errors="0" timestamp="2024-06-09T14:09:57 IST" skipped="0">
  <testcase classname="Prasad.AppiumAutomationTesting.SwipeGesture" name="scrollAction" time="9.277"/>
</testsuite> <!-- Prasad.AppiumAutomationTesting.SwipeGesture -->
