<?xml version="1.0" encoding="UTF-8"?>
<!-- Generated by org.testng.reporters.JUnitReportReporter -->
<testsuite hostname="DESKTOP-M3B437L" failures="0" tests="1" name="Prasad.AppiumAutomationTesting.DragAndDropGesture" time="6.069" errors="0" timestamp="2024-06-09T18:06:24 IST" skipped="0">
  <testcase classname="Prasad.AppiumAutomationTesting.DragAndDropGesture" name="scrollAction" time="6.069"/>
</testsuite> <!-- Prasad.AppiumAutomationTesting.DragAndDropGesture -->
