<?xml version="1.0" encoding="UTF-8"?>
<!-- Generated by org.testng.reporters.JUnitReportReporter -->
<testsuite hostname="DESKTOP-M3B437L" failures="0" tests="3" name="Prasad.AppiumAutomationTesting.EcommerceTestCase4" time="32.749" errors="0" timestamp="2024-06-15T18:13:15 IST" skipped="0">
  <testcase classname="Prasad.AppiumAutomationTesting.EcommerceTestCase4" name="goToCartAndAssertPrice" time="3.415"/>
  <testcase classname="Prasad.AppiumAutomationTesting.EcommerceTestCase4" name="addItemsToCartMultiple" time="14.290"/>
  <testcase classname="Prasad.AppiumAutomationTesting.EcommerceTestCase4" name="submitOrder" time="15.044"/>
</testsuite> <!-- Prasad.AppiumAutomationTesting.EcommerceTestCase4 -->
