<?xml version="1.0" encoding="UTF-8"?>
<!-- Generated by org.testng.reporters.JUnitReportReporter -->
<testsuite hostname="DESKTOP-M3B437L" failures="0" tests="3" name="Prasad.AppiumAutomationTesting.EcommerceTestCase4" time="36.367" errors="0" timestamp="2024-06-12T23:14:34 IST" skipped="0">
  <testcase classname="Prasad.AppiumAutomationTesting.EcommerceTestCase4" name="goToCartAndAssertPrice" time="5.108"/>
  <testcase classname="Prasad.AppiumAutomationTesting.EcommerceTestCase4" name="addItemsToCartMultiple" time="21.465"/>
  <testcase classname="Prasad.AppiumAutomationTesting.EcommerceTestCase4" name="submitOrder" time="9.794"/>
</testsuite> <!-- Prasad.AppiumAutomationTesting.EcommerceTestCase4 -->
